<?xml version="1.0" encoding="UTF-8"?>
<testsuite name="com.example.ece651BestPrice.Ece651BestpriceApplicationTests" tests="1" skipped="0" failures="0" errors="0" timestamp="2019-03-01T15:37:24" hostname="hubers-MacBook-Pro.local" time="0.181">
  <properties/>
  <testcase name="contextLoads" classname="com.example.ece651BestPrice.Ece651BestpriceApplicationTests" time="0.181"/>
  <system-out><![CDATA[10:37:22.296 [Test worker] DEBUG org.springframework.test.context.junit4.SpringJUnit4ClassRunner - SpringJUnit4ClassRunner constructor called with [class com.example.ece651BestPrice.Ece651BestpriceApplicationTests]
10:37:22.303 [Test worker] DEBUG org.springframework.test.context.BootstrapUtils - Instantiating CacheAwareContextLoaderDelegate from class [org.springframework.test.context.cache.DefaultCacheAwareContextLoaderDelegate]
10:37:22.310 [Test worker] DEBUG org.springframework.test.context.BootstrapUtils - Instantiating BootstrapContext using constructor [public org.springframework.test.context.support.DefaultBootstrapContext(java.lang.Class,org.springframework.test.context.CacheAwareContextLoaderDelegate)]
10:37:22.325 [Test worker] DEBUG org.springframework.test.context.BootstrapUtils - Instantiating TestContextBootstrapper for test class [com.example.ece651BestPrice.Ece651BestpriceApplicationTests] from class [org.springframework.boot.test.context.SpringBootTestContextBootstrapper]
10:37:22.336 [Test worker] INFO org.springframework.boot.test.context.SpringBootTestContextBootstrapper - Neither @ContextConfiguration nor @ContextHierarchy found for test class [com.example.ece651BestPrice.Ece651BestpriceApplicationTests], using SpringBootContextLoader
10:37:22.339 [Test worker] DEBUG org.springframework.test.context.support.AbstractContextLoader - Did not detect default resource location for test class [com.example.ece651BestPrice.Ece651BestpriceApplicationTests]: class path resource [com/example/ece651BestPrice/Ece651BestpriceApplicationTests-context.xml] does not exist
10:37:22.339 [Test worker] DEBUG org.springframework.test.context.support.AbstractContextLoader - Did not detect default resource location for test class [com.example.ece651BestPrice.Ece651BestpriceApplicationTests]: class path resource [com/example/ece651BestPrice/Ece651BestpriceApplicationTestsContext.groovy] does not exist
10:37:22.339 [Test worker] INFO org.springframework.test.context.support.AbstractContextLoader - Could not detect default resource locations for test class [com.example.ece651BestPrice.Ece651BestpriceApplicationTests]: no resource found for suffixes {-context.xml, Context.groovy}.
10:37:22.340 [Test worker] INFO org.springframework.test.context.support.AnnotationConfigContextLoaderUtils - Could not detect default configuration classes for test class [com.example.ece651BestPrice.Ece651BestpriceApplicationTests]: Ece651BestpriceApplicationTests does not declare any static, non-private, non-final, nested classes annotated with @Configuration.
10:37:22.379 [Test worker] DEBUG org.springframework.test.context.support.ActiveProfilesUtils - Could not find an 'annotation declaring class' for annotation type [org.springframework.test.context.ActiveProfiles] and class [com.example.ece651BestPrice.Ece651BestpriceApplicationTests]
10:37:22.435 [Test worker] DEBUG org.springframework.context.annotation.ClassPathScanningCandidateComponentProvider - Identified candidate component class: file [/Users/huberstark/IdeaProjects/ece651Bestprice/build/classes/java/main/com/example/ece651BestPrice/Ece651BestpriceApplication.class]
10:37:22.436 [Test worker] INFO org.springframework.boot.test.context.SpringBootTestContextBootstrapper - Found @SpringBootConfiguration com.example.ece651BestPrice.Ece651BestpriceApplication for test class com.example.ece651BestPrice.Ece651BestpriceApplicationTests
10:37:22.506 [Test worker] DEBUG org.springframework.boot.test.context.SpringBootTestContextBootstrapper - @TestExecutionListeners is not present for class [com.example.ece651BestPrice.Ece651BestpriceApplicationTests]: using defaults.
10:37:22.507 [Test worker] INFO org.springframework.boot.test.context.SpringBootTestContextBootstrapper - Loaded default TestExecutionListener class names from location [META-INF/spring.factories]: [org.springframework.boot.test.autoconfigure.restdocs.RestDocsTestExecutionListener, org.springframework.boot.test.autoconfigure.web.client.MockRestServiceServerResetTestExecutionListener, org.springframework.boot.test.autoconfigure.web.servlet.MockMvcPrintOnlyOnFailureTestExecutionListener, org.springframework.boot.test.autoconfigure.web.servlet.WebDriverTestExecutionListener, org.springframework.boot.test.mock.mockito.MockitoTestExecutionListener, org.springframework.boot.test.mock.mockito.ResetMocksTestExecutionListener, org.springframework.test.context.web.ServletTestExecutionListener, org.springframework.test.context.support.DirtiesContextBeforeModesTestExecutionListener, org.springframework.test.context.support.DependencyInjectionTestExecutionListener, org.springframework.test.context.support.DirtiesContextTestExecutionListener, org.springframework.test.context.transaction.TransactionalTestExecutionListener, org.springframework.test.context.jdbc.SqlScriptsTestExecutionListener]
10:37:22.520 [Test worker] INFO org.springframework.boot.test.context.SpringBootTestContextBootstrapper - Using TestExecutionListeners: [org.springframework.test.context.web.ServletTestExecutionListener@3cf49548, org.springframework.test.context.support.DirtiesContextBeforeModesTestExecutionListener@65525570, org.springframework.boot.test.mock.mockito.MockitoTestExecutionListener@757b931f, org.springframework.boot.test.autoconfigure.SpringBootDependencyInjectionTestExecutionListener@7f432863, org.springframework.test.context.support.DirtiesContextTestExecutionListener@6785bc16, org.springframework.test.context.transaction.TransactionalTestExecutionListener@108b9c43, org.springframework.test.context.jdbc.SqlScriptsTestExecutionListener@39410626, org.springframework.boot.test.autoconfigure.restdocs.RestDocsTestExecutionListener@5fa7215d, org.springframework.boot.test.autoconfigure.web.client.MockRestServiceServerResetTestExecutionListener@158843b3, org.springframework.boot.test.autoconfigure.web.servlet.MockMvcPrintOnlyOnFailureTestExecutionListener@592dacc5, org.springframework.boot.test.autoconfigure.web.servlet.WebDriverTestExecutionListener@68ecf1f0, org.springframework.boot.test.mock.mockito.ResetMocksTestExecutionListener@e279879]
10:37:22.523 [Test worker] DEBUG org.springframework.test.annotation.ProfileValueUtils - Retrieved @ProfileValueSourceConfiguration [null] for test class [com.example.ece651BestPrice.Ece651BestpriceApplicationTests]
10:37:22.523 [Test worker] DEBUG org.springframework.test.annotation.ProfileValueUtils - Retrieved ProfileValueSource type [class org.springframework.test.annotation.SystemProfileValueSource] for class [com.example.ece651BestPrice.Ece651BestpriceApplicationTests]
10:37:22.524 [Test worker] DEBUG org.springframework.test.annotation.ProfileValueUtils - Retrieved @ProfileValueSourceConfiguration [null] for test class [com.example.ece651BestPrice.Ece651BestpriceApplicationTests]
10:37:22.524 [Test worker] DEBUG org.springframework.test.annotation.ProfileValueUtils - Retrieved ProfileValueSource type [class org.springframework.test.annotation.SystemProfileValueSource] for class [com.example.ece651BestPrice.Ece651BestpriceApplicationTests]
10:37:22.527 [Test worker] DEBUG org.springframework.test.context.support.AbstractDirtiesContextTestExecutionListener - Before test class: context [DefaultTestContext@37785c00 testClass = Ece651BestpriceApplicationTests, testInstance = [null], testMethod = [null], testException = [null], mergedContextConfiguration = [WebMergedContextConfiguration@6625d127 testClass = Ece651BestpriceApplicationTests, locations = '{}', classes = '{class com.example.ece651BestPrice.Ece651BestpriceApplication}', contextInitializerClasses = '[]', activeProfiles = '{}', propertySourceLocations = '{}', propertySourceProperties = '{org.springframework.boot.test.context.SpringBootTestContextBootstrapper=true}', contextCustomizers = set[org.springframework.boot.test.autoconfigure.properties.PropertyMappingContextCustomizer@0, org.springframework.boot.test.autoconfigure.web.servlet.WebDriverContextCustomizerFactory$Customizer@1f9b2eb9, org.springframework.boot.test.context.filter.ExcludeFilterContextCustomizer@5d8a09ff, org.springframework.boot.test.json.DuplicateJsonObjectContextCustomizerFactory$DuplicateJsonObjectContextCustomizer@7bddeb88, org.springframework.boot.test.mock.mockito.MockitoContextCustomizer@0, org.springframework.boot.test.web.client.TestRestTemplateContextCustomizer@29a1b9dc], resourceBasePath = 'src/main/webapp', contextLoader = 'org.springframework.boot.test.context.SpringBootContextLoader', parent = [null]], attributes = map['org.springframework.test.context.web.ServletTestExecutionListener.activateListener' -> true]], class annotated with @DirtiesContext [false] with mode [null].
10:37:22.528 [Test worker] DEBUG org.springframework.test.annotation.ProfileValueUtils - Retrieved @ProfileValueSourceConfiguration [null] for test class [com.example.ece651BestPrice.Ece651BestpriceApplicationTests]
10:37:22.528 [Test worker] DEBUG org.springframework.test.annotation.ProfileValueUtils - Retrieved ProfileValueSource type [class org.springframework.test.annotation.SystemProfileValueSource] for class [com.example.ece651BestPrice.Ece651BestpriceApplicationTests]
10:37:22.543 [Test worker] DEBUG org.springframework.test.context.support.TestPropertySourceUtils - Adding inlined properties to environment: {spring.jmx.enabled=false, org.springframework.boot.test.context.SpringBootTestContextBootstrapper=true, server.port=-1}

  .   ____          _            __ _ _
 /\\ / ___'_ __ _ _(_)_ __  __ _ \ \ \ \
( ( )\___ | '_ | '_| | '_ \/ _` | \ \ \ \
 \\/  ___)| |_)| | | | | || (_| |  ) ) ) )
  '  |____| .__|_| |_|_| |_\__, | / / / /
 =========|_|==============|___/=/_/_/_/
 :: Spring Boot ::        (v2.1.2.RELEASE)

2019-03-01 10:37:23.016  INFO 7291 --- [    Test worker] c.e.e.Ece651BestpriceApplicationTests    : Starting Ece651BestpriceApplicationTests on hubers-MacBook-Pro.local with PID 7291 (started by huberstark in /Users/huberstark/IdeaProjects/ece651Bestprice)
2019-03-01 10:37:23.017  INFO 7291 --- [    Test worker] c.e.e.Ece651BestpriceApplicationTests    : No active profile set, falling back to default profiles: default
2019-03-01 10:37:24.350  INFO 7291 --- [    Test worker] o.s.s.concurrent.ThreadPoolTaskExecutor  : Initializing ExecutorService 'applicationTaskExecutor'
2019-03-01 10:37:24.685  INFO 7291 --- [    Test worker] c.e.e.Ece651BestpriceApplicationTests    : Started Ece651BestpriceApplicationTests in 2.134 seconds (JVM running for 2.907)
]]></system-out>
  <system-err><![CDATA[]]></system-err>
</testsuite>
